<?xml version="1.0" encoding="UTF-8"?>
<!-- Generated by org.testng.reporters.JUnitXMLReporter -->
<testsuite hostname="Dhirajs-MacBook-Pro.local" name="Sort low to high " tests="2" failures="0" timestamp="15 Mar 2018 19:32:23 GMT" time="46.052" errors="0">
  <testcase name="verifySearchParameters" time="4.694" classname="com.Tajawal.Flights.Tajawal_Flights_Automation_Demo.VerifySortingOnListing"/>
  <testcase name="sortLowTohigh" time="7.467" classname="com.Tajawal.Flights.Tajawal_Flights_Automation_Demo.VerifySortingOnListing"/>
</testsuite> <!-- Sort low to high  -->
