<?xml version="1.0" encoding="UTF-8"?>
<!-- Generated by org.testng.reporters.JUnitXMLReporter -->
<testsuite hostname="Dhirajs-MacBook-Pro.local" name="Verify Search Parameters and Filling Customer Details" tests="6" failures="0" timestamp="15 Mar 2018 19:31:37 GMT" time="64.423" errors="0">
  <testcase name="verifySearchParameters" time="3.422" classname="com.Tajawal.Flights.Tajawal_Flights_Automation_Demo.VerifySearchParamsAndFillCustomerInfo"/>
  <testcase name="FilterFlightCarrier" time="3.26" classname="com.Tajawal.Flights.Tajawal_Flights_Automation_Demo.VerifySearchParamsAndFillCustomerInfo"/>
  <testcase name="selectFirstFlightFromListing" time="8.138" classname="com.Tajawal.Flights.Tajawal_Flights_Automation_Demo.VerifySearchParamsAndFillCustomerInfo"/>
  <testcase name="entercustomerDetails" time="7.002" classname="com.Tajawal.Flights.Tajawal_Flights_Automation_Demo.VerifySearchParamsAndFillCustomerInfo"/>
  <testcase name="enterContactDetails" time="0.833" classname="com.Tajawal.Flights.Tajawal_Flights_Automation_Demo.VerifySearchParamsAndFillCustomerInfo"/>
  <testcase name="ContinueToPayment" time="0.403" classname="com.Tajawal.Flights.Tajawal_Flights_Automation_Demo.VerifySearchParamsAndFillCustomerInfo"/>
</testsuite> <!-- Verify Search Parameters and Filling Customer Details -->
