<?xml version="1.0" encoding="UTF-8"?>
<testng-results skipped="0" failed="0" total="1" passed="1">
  <reporter-output>
  </reporter-output>
  <suite name="Suite" duration-ms="14061" started-at="2018-03-10T05:45:11Z" finished-at="2018-03-10T05:45:25Z">
    <groups>
    </groups>
    <test name="Login Test" duration-ms="14061" started-at="2018-03-10T05:45:11Z" finished-at="2018-03-10T05:45:25Z">
      <class name="com.Tajawal.Flights.Tajawal_Flights_Automation_Demo.HomeScreenTest">
        <test-method status="PASS" signature="OpenURL()[pri:0, instance:com.Tajawal.Flights.Tajawal_Flights_Automation_Demo.HomeScreenTest@12a94400]" name="OpenURL" duration-ms="13446" started-at="2018-03-10T11:15:11Z" finished-at="2018-03-10T11:15:25Z">
          <reporter-output>
          </reporter-output>
        </test-method> <!-- OpenURL -->
        <test-method status="PASS" signature="closeBrowser()[pri:0, instance:com.Tajawal.Flights.Tajawal_Flights_Automation_Demo.HomeScreenTest@12a94400]" name="closeBrowser" is-config="true" duration-ms="232" started-at="2018-03-10T11:15:25Z" finished-at="2018-03-10T11:15:26Z">
          <reporter-output>
          </reporter-output>
        </test-method> <!-- closeBrowser -->
      </class> <!-- com.Tajawal.Flights.Tajawal_Flights_Automation_Demo.HomeScreenTest -->
    </test> <!-- Login Test -->
  </suite> <!-- Suite -->
</testng-results>
